<?xml version="1.0" encoding="UTF-8"?>
<!-- Generated by org.testng.reporters.JUnitReportReporter -->
<testsuite hostname="LAPTOP-64H03IG1" failures="0" tests="2" name="org.baseclass.Parellelexecution" time="180.852" errors="0" timestamp="2023-03-29T16:26:29 IST" skipped="0">
  <testcase classname="org.baseclass.Parellelexecution" name="tc01" time="109.697"/>
  <system-out/>
  <testcase classname="org.baseclass.Parellelexecution" name="tc02" time="71.155"/>
  <system-out/>
</testsuite> <!-- org.baseclass.Parellelexecution -->
