<?xml version="1.0" encoding="UTF-8"?>
<!-- Generated by org.testng.reporters.JUnitReportReporter -->
<testsuite hostname="LAPTOP-64H03IG1" failures="0" tests="4" name="org.baseclass.Parallelecexution2" time="0.046" errors="0" timestamp="2023-03-29T16:26:29 IST" skipped="0">
  <testcase classname="org.baseclass.Parallelecexution2" name="tc01" time="0.037"/>
  <system-out/>
  <testcase classname="org.baseclass.Parallelecexution2" name="tc02" time="0.003"/>
  <system-out/>
  <testcase classname="org.baseclass.Parallelecexution2" name="tc04" time="0.003"/>
  <system-out/>
  <testcase classname="org.baseclass.Parallelecexution2" name="tc03" time="0.003"/>
  <system-out/>
</testsuite> <!-- org.baseclass.Parallelecexution2 -->
