<?xml version="1.0" encoding="UTF-8"?>
<!-- Generated by org.testng.reporters.JUnitReportReporter -->
<testsuite hostname="LAPTOP-64H03IG1" failures="0" tests="2" name="org.baseclass.Parallelexecutiontest" time="85.437" errors="0" timestamp="2023-03-28T15:07:00 IST" skipped="0">
  <testcase classname="org.baseclass.Parallelexecutiontest" name="tc01" time="64.460"/>
  <system-out/>
  <testcase classname="org.baseclass.Parallelexecutiontest" name="tc01" time="20.977"/>
  <system-out/>
</testsuite> <!-- org.baseclass.Parallelexecutiontest -->
